local.mix: failed to resolve filenames for 48 unknown hashes
Failed to initialize hardware cursors. Falling back to software cursors.
Error was: Failed to create hardware cursor `guard-minimap` - Failed to create cursor: CreateIconIndirect(): The parameter is incorrect.

Found 36 domains for movement class 699 on map Desert Shellmap.
Found 3 domains for movement class 4096 on map Desert Shellmap.
Found 3 domains for movement class 4097 on map Desert Shellmap.
Found 1 domains for movement class 0 on map Desert Shellmap.
--Tick: 1 (net)
--Tick: 2 (local)
--Tick: 3 (local)
--Tick: 4 (net)
--Tick: 5 (local)
--Tick: 6 (local)
--Tick: 7 (net)
--Tick: 8 (local)
--Tick: 9 (local)
--Tick: 10 (net)
--Tick: 11 (local)
--Tick: 12 (local)
--Tick: 13 (net)
--Tick: 14 (local)
--Tick: 15 (local)
--Tick: 16 (net)
--Tick: 17 (local)
--Tick: 18 (local)
--Tick: 19 (net)
--Tick: 20 (local)
--Tick: 21 (local)
--Tick: 22 (net)
--Tick: 23 (local)
--Tick: 24 (local)
--Tick: 25 (net)
--Tick: 26 (local)
--Tick: 27 (local)
--Tick: 28 (net)
--Tick: 29 (local)
--Tick: 30 (local)
--Tick: 31 (net)
--Tick: 32 (local)
--Tick: 33 (local)
--Tick: 34 (net)
--Tick: 35 (local)
--Tick: 36 (local)
--Tick: 37 (net)
--Tick: 38 (local)
--Tick: 39 (local)
--Tick: 40 (net)
--Tick: 41 (local)
--Tick: 42 (local)
--Tick: 43 (net)
--Tick: 44 (local)
--Tick: 45 (local)
--Tick: 46 (net)
--Tick: 47 (local)
--Tick: 48 (local)
--Tick: 49 (net)
--Tick: 50 (local)
--Tick: 51 (local)
--Tick: 52 (net)
--Tick: 53 (local)
--Tick: 54 (local)
--Tick: 55 (net)
--Tick: 56 (local)
--Tick: 57 (local)
--Tick: 58 (net)
--Tick: 59 (local)
--Tick: 60 (local)
--Tick: 61 (net)
--Tick: 0 (net)
--Tick: 0 (net)
--Tick: 0 (net)
--Tick: 0 (net)
--Tick: 0 (net)
--Tick: 0 (net)
MapCache.LoadAsyncInternal started
--Tick: 0 (net)
--Tick: 0 (net)
--Tick: 0 (net)
--Tick: 0 (net)
--Tick: 0 (net)
--Tick: 0 (net)
--Tick: 0 (net)
--Tick: 0 (net)
--Tick: 0 (net)
--Tick: 0 (net)
--Tick: 0 (net)
--Tick: 0 (net)
--Tick: 0 (net)
--Tick: 0 (net)
--Tick: 0 (net)
--Tick: 0 (net)
--Tick: 0 (net)
--Tick: 0 (net)
--Tick: 0 (net)
--Tick: 0 (net)
--Tick: 0 (net)
--Tick: 0 (net)
--Tick: 0 (net)
--Tick: 0 (net)
--Tick: 0 (net)
--Tick: 0 (net)
--Tick: 0 (net)
--Tick: 0 (net)
--Tick: 0 (net)
--Tick: 0 (net)
--Tick: 0 (net)
--Tick: 0 (net)
--Tick: 0 (net)
--Tick: 0 (net)
--Tick: 0 (net)
--Tick: 0 (net)
--Tick: 0 (net)
--Tick: 0 (net)
--Tick: 0 (net)
--Tick: 0 (net)
--Tick: 0 (net)
--Tick: 0 (net)
--Tick: 0 (net)
--Tick: 0 (net)
--Tick: 0 (net)
--Tick: 0 (net)
--Tick: 0 (net)
--Tick: 0 (net)
--Tick: 0 (net)
--Tick: 0 (net)
--Tick: 0 (net)
--Tick: 0 (net)
--Tick: 0 (net)
--Tick: 0 (net)
--Tick: 0 (net)
--Tick: 0 (net)
--Tick: 0 (net)
--Tick: 0 (net)
--Tick: 0 (net)
--Tick: 0 (net)
--Tick: 0 (net)
--Tick: 0 (net)
--Tick: 0 (net)
--Tick: 0 (net)
--Tick: 0 (net)
--Tick: 0 (net)
--Tick: 0 (net)
--Tick: 0 (net)
--Tick: 0 (net)
--Tick: 0 (net)
--Tick: 0 (net)
--Tick: 0 (net)
--Tick: 0 (net)
--Tick: 0 (net)
--Tick: 0 (net)
--Tick: 0 (net)
--Tick: 0 (net)
--Tick: 0 (net)
--Tick: 0 (net)
--Tick: 0 (net)
--Tick: 0 (net)
--Tick: 0 (net)
--Tick: 0 (net)
--Tick: 0 (net)
--Tick: 0 (net)
--Tick: 0 (net)
--Tick: 0 (net)
--Tick: 0 (net)
--Tick: 0 (net)
--Tick: 0 (net)
--Tick: 0 (net)
--Tick: 0 (net)
--Tick: 0 (net)
--Tick: 0 (net)
--Tick: 0 (net)
--Tick: 0 (net)
--Tick: 0 (net)
--Tick: 0 (net)
--Tick: 0 (net)
--Tick: 0 (net)
--Tick: 0 (net)
--Tick: 0 (net)
--Tick: 0 (net)
--Tick: 0 (net)
--Tick: 0 (net)
--Tick: 0 (net)
--Tick: 0 (net)
--Tick: 0 (net)
--Tick: 0 (net)
--Tick: 0 (net)
--Tick: 0 (net)
--Tick: 0 (net)
--Tick: 0 (net)
--Tick: 0 (net)
--Tick: 0 (net)
--Tick: 0 (net)
--Tick: 0 (net)
--Tick: 0 (net)
--Tick: 0 (net)
--Tick: 0 (net)
--Tick: 0 (net)
--Tick: 0 (net)
--Tick: 0 (net)
--Tick: 0 (net)
--Tick: 0 (net)
MapCache.LoadAsyncInternal ended
--Tick: 0 (net)
--Tick: 0 (net)
--Tick: 0 (net)
--Tick: 0 (net)
--Tick: 0 (net)
--Tick: 0 (net)
--Tick: 0 (net)
--Tick: 0 (net)
--Tick: 0 (net)
--Tick: 0 (net)
--Tick: 0 (net)
--Tick: 0 (net)
--Tick: 0 (net)
--Tick: 0 (net)
--Tick: 0 (net)
--Tick: 0 (net)
--Tick: 0 (net)
--Tick: 0 (net)
--Tick: 0 (net)
--Tick: 0 (net)
--Tick: 0 (net)
--Tick: 0 (net)
--Tick: 0 (net)
--Tick: 0 (net)
--Tick: 0 (net)
--Tick: 0 (net)
--Tick: 0 (net)
--Tick: 0 (net)
--Tick: 0 (net)
--Tick: 0 (net)
--Tick: 0 (net)
--Tick: 0 (net)
--Tick: 0 (net)
--Tick: 0 (net)
--Tick: 0 (net)
--Tick: 0 (net)
--Tick: 0 (net)
--Tick: 0 (net)
--Tick: 0 (net)
--Tick: 0 (net)
--Tick: 0 (net)
--Tick: 0 (net)
--Tick: 0 (net)
--Tick: 0 (net)
--Tick: 0 (net)
--Tick: 0 (net)
--Tick: 0 (net)
--Tick: 0 (net)
--Tick: 0 (net)
--Tick: 0 (net)
--Tick: 0 (net)
--Tick: 0 (net)
--Tick: 0 (net)
--Tick: 0 (net)
--Tick: 0 (net)
--Tick: 0 (net)
--Tick: 0 (net)
--Tick: 0 (net)
--Tick: 0 (net)
--Tick: 0 (net)
--Tick: 0 (net)
--Tick: 0 (net)
--Tick: 0 (net)
--Tick: 0 (net)
--Tick: 0 (net)
--Tick: 0 (net)
OnNudge #233 from 20,50 to 21,50
--Tick: 0 (net)
--Tick: 0 (net)
--Tick: 0 (net)
--Tick: 0 (net)
--Tick: 0 (net)
--Tick: 0 (net)
--Tick: 0 (net)
--Tick: 0 (net)
--Tick: 0 (net)
--Tick: 0 (net)
--Tick: 0 (net)
--Tick: 0 (net)
--Tick: 0 (net)
--Tick: 0 (net)
--Tick: 0 (net)
--Tick: 0 (net)
--Tick: 0 (net)
--Tick: 0 (net)
--Tick: 0 (net)
c2 #233 killed by 3tnk #444
--Tick: 0 (net)
--Tick: 0 (net)
--Tick: 0 (net)
--Tick: 0 (net)
--Tick: 0 (net)
--Tick: 0 (net)
--Tick: 0 (net)
--Tick: 0 (net)
--Tick: 0 (net)
--Tick: 0 (net)
--Tick: 0 (net)
--Tick: 0 (net)
--Tick: 0 (net)
--Tick: 0 (net)
--Tick: 0 (net)
--Tick: 0 (net)
--Tick: 0 (net)
--Tick: 0 (net)
--Tick: 0 (net)
--Tick: 0 (net)
--Tick: 0 (net)
--Tick: 0 (net)
--Tick: 0 (net)
--Tick: 0 (net)
--Tick: 0 (net)
--Tick: 0 (net)
--Tick: 0 (net)
--Tick: 0 (net)
--Tick: 0 (net)
--Tick: 0 (net)
--Tick: 0 (net)
--Tick: 0 (net)
--Tick: 0 (net)
--Tick: 0 (net)
--Tick: 0 (net)
wood #371 killed by ttnk #446
wood #372 killed by apc #447
--Tick: 0 (net)
--Tick: 0 (net)
--Tick: 0 (net)
--Tick: 0 (net)
--Tick: 0 (net)
--Tick: 0 (net)
--Tick: 0 (net)
--Tick: 0 (net)
--Tick: 0 (net)
--Tick: 0 (net)
--Tick: 0 (net)
--Tick: 0 (net)
--Tick: 0 (net)
--Tick: 0 (net)
--Tick: 0 (net)
--Tick: 0 (net)
--Tick: 0 (net)
--Tick: 0 (net)
--Tick: 0 (net)
--Tick: 0 (net)
--Tick: 0 (net)
--Tick: 0 (net)
--Tick: 0 (net)
--Tick: 0 (net)
--Tick: 0 (net)
--Tick: 0 (net)
--Tick: 0 (net)
--Tick: 0 (net)
--Tick: 0 (net)
--Tick: 0 (net)
--Tick: 0 (net)
--Tick: 0 (net)
--Tick: 0 (net)
--Tick: 0 (net)
--Tick: 0 (net)
--Tick: 0 (net)
--Tick: 0 (net)
--Tick: 0 (net)
--Tick: 0 (net)
--Tick: 0 (net)
--Tick: 0 (net)
--Tick: 0 (net)
--Tick: 0 (net)
--Tick: 0 (net)
--Tick: 0 (net)
--Tick: 0 (net)
--Tick: 0 (net)
--Tick: 0 (net)
--Tick: 0 (net)
--Tick: 0 (net)
--Tick: 0 (net)
--Tick: 0 (net)
--Tick: 0 (net)
--Tick: 0 (net)
--Tick: 0 (net)
--Tick: 0 (net)
chan #231 killed by 3tnk #444
--Tick: 0 (net)
--Tick: 0 (net)
--Tick: 0 (net)
--Tick: 0 (net)
--Tick: 0 (net)
--Tick: 0 (net)
--Tick: 0 (net)
--Tick: 0 (net)
--Tick: 0 (net)
--Tick: 0 (net)
--Tick: 0 (net)
--Tick: 0 (net)
--Tick: 0 (net)
--Tick: 0 (net)
