Production: 135318
BuildingInfluence: 32069
IStoreResources: 21810
DeveloperMode: 12377
IPaletteModifier: 11003
IRenderAboveWorld: 11002
IRenderShroud: 11002
IRenderOverlay: 11002
IRenderAboveShroud: 11002
IProductionIconOverlay: 10445
IRenderAboveShroudWhenSelected: 9892
MustBeDestroyed: 8724
MapBuildRadius: 8298
BaseProvider: 8190
IHealth: 6823
ResourceLayer: 6615
ISelectionBar: 6466
ITickRender: 4589
RallyPoint: 4363
ITick: 4362
ProvidesRadar: 4357
PrimaryBuilding: 4058
IIssueOrder: 2456
ISync: 1689
ProductionQueue: 1256
Building: 1063
ICrushable: 834
GivesBuildableArea: 632
Harvester: 628
Mobile: 588
RenderSprites: 512
ITooltip: 412
IDecorationBounds: 375
FrozenActorLayer: 341
IPositionable: 320
IProvideTooltipInfo: 302
IFacing: 296
RejectsOrders: 293
INotifyDamage: 272
INotifyKilled: 272
IDamageModifier: 272
ConditionManager: 244
INotifyHarvesterAction: 234
GpsWatcher: 230
IAcceptResources: 204
BodyOrientation: 192
IDefaultVisibility: 183
IVisibilityModifier: 183
AnnounceOnSeen: 175
IValidateOrder: 171
IRender: 159
INotifyCreated: 159
IEffectiveOwner: 159
IRenderModifier: 159
IMouseBounds: 159
INotifyIdle: 159
ITargetable: 159
ITargetablePositions: 159
INotifyAddedToWorld: 158
IMove: 158
SupportPower: 157
IOccupySpace: 153
IAutoMouseBounds: 153
IRadarColorModifier: 148
Cloak: 148
ITargetableCells: 140
SmudgeLayer: 138
INotifyDamageStateChanged: 136
ITechTreePrerequisite: 125
Buildable: 125
TechTree: 95
PowerManager: 87
IPathFinder: 84
DebugVisualizations: 66
PlayerResources: 63
IResolveOrder: 60
ResourceClaimLayer: 49
IObservesVariables: 39
GrantConditionOnPrerequisiteManager: 38
Cargo: 36
DrawLineToTarget: 36
HackyAI: 32
HitShape: 32
IBlocksProjectiles: 32
IPips: 32
MapOptions: 30
WithSpriteBody: 28
IConditionTimerWatcher: 28
IRevealsShroudModifier: 28
Power: 28
DomainIndex: 20
CaptureManager: 18
Capturable: 18
ICaptureProgressWatcher: 18
Captures: 18
IVoiced: 16
INotifyDocking: 16
RepairableBuilding: 14
IPowerModifier: 14
ResourceType: 13
RadarPings: 12
INotifyBuildingPlaced: 12
AutoTarget: 11
Shroud: 10
INotifyBecomingIdle: 9
INotifySelection: 8
INotifyCustomLayerChanged: 8
INotifyVisualPositionChanged: 8
INotifyFinishedMoving: 8
ISpeedModifier: 8
MissionObjectives: 7
IIssueDeployOrder: 7
ChatCommands: 6
INotifyTransform: 6
Selectable: 6
INotifySelected: 6
ILoadsPlayerPalettes: 5
INotifyActorDisposing: 5
HelpCommand: 5
IUnlocksRenderPlayer: 5
PlayerExperience: 5
Passenger: 5
INotifyPowerLevelChanged: 5
Turreted: 5
INotifyProduction: 4
INotifyOtherProduction: 4
INotifyRemovedFromWorld: 4
PlayerStatistics: 4
Rearmable: 4
Aircraft: 4
Exit: 4
Reservable: 4
IFirepowerModifier: 4
IReloadModifier: 4
IInaccuracyModifier: 4
INotifyAttack: 4
AttackBase: 4
AttackFollow: 4
AutoTargetPriority: 4
Armament: 4
IRenderInfantrySequenceModifier: 4
INotifyAiming: 4
INotifyBurstComplete: 4
IRangeModifier: 4
IObjectivesPanel: 3
SupportPowerManager: 3
INotifyObjectivesUpdated: 2
INotifyPassengerEntered: 2
Health: 2
ITransformActorInitModifier: 2
INotifyEnteredCargo: 2
Transforms: 2
INotifyParachute: 2
WithMakeAnimation: 2
ParaDrop: 2
LuaScript: 2
ILoadsPalettes: 1
IWorldLoaded: 1
MenuPaletteEffect: 1
IActorMap: 1
ScreenMap: 1
MusicPlaylist: 1
Locomotor: 1
IRenderTerrain: 1
INotifyChat: 1
CrateSpawner: 1
ICreatePlayers: 1
MPStartLocations: 1
ICustomMovementLayer: 1
IBot: 1
IBotTick: 1
INotifyPassengerExited: 1
Bridge: 1
IOrderVoice: 1
INotifyBlockingMove: 1
INotifyExitedCargo: 1
StrategicVictoryConditions: 1
